2023-05-14 18:15:11,455 Starting browser <chrome> 
2023-05-14 18:15:14,765 TestDataSetup: Test started 
2023-05-14 18:15:14,768 ReportUtil.logMessage - info - GoTo Application, https://automationdemo.capsulecrm.com/ 
2023-05-14 18:15:15,211 Initialize Pages 
2023-05-14 18:15:15,274 Fill text box [[ChromeDriver: chrome on WINDOWS (67007a5777682fa50efa785e6641f318)] -> id: login:usernameDecorate:username] : mscoding24 
2023-05-14 18:15:15,285 Wait until element is visible - [[ChromeDriver: chrome on WINDOWS (67007a5777682fa50efa785e6641f318)] -> id: login:usernameDecorate:username] 
2023-05-14 18:15:15,292 Waiting for [[ChromeDriver: chrome on WINDOWS (67007a5777682fa50efa785e6641f318)] -> id: login:usernameDecorate:username] 
2023-05-14 18:15:15,362 Wait until element is visible - [[ChromeDriver: chrome on WINDOWS (67007a5777682fa50efa785e6641f318)] -> id: login:usernameDecorate:username] 
2023-05-14 18:15:15,369 Waiting for [[ChromeDriver: chrome on WINDOWS (67007a5777682fa50efa785e6641f318)] -> id: login:usernameDecorate:username] 
2023-05-14 18:15:15,496 Wait until element is clickable - [[ChromeDriver: chrome on WINDOWS (67007a5777682fa50efa785e6641f318)] -> id: login:usernameDecorate:username] 
2023-05-14 18:15:15,502 Wait until element is enabled - [[ChromeDriver: chrome on WINDOWS (67007a5777682fa50efa785e6641f318)] -> id: login:usernameDecorate:username] 
2023-05-14 18:15:15,508 Waiting for [[ChromeDriver: chrome on WINDOWS (67007a5777682fa50efa785e6641f318)] -> id: login:usernameDecorate:username] 
2023-05-14 18:15:15,659 Fill text box [[ChromeDriver: chrome on WINDOWS (67007a5777682fa50efa785e6641f318)] -> css selector: input[type='password']] : AutomationDemo24 
2023-05-14 18:15:15,665 Wait until element is visible - [[ChromeDriver: chrome on WINDOWS (67007a5777682fa50efa785e6641f318)] -> css selector: input[type='password']] 
2023-05-14 18:15:15,670 Waiting for [[ChromeDriver: chrome on WINDOWS (67007a5777682fa50efa785e6641f318)] -> css selector: input[type='password']] 
2023-05-14 18:15:15,706 Wait until element is visible - [[ChromeDriver: chrome on WINDOWS (67007a5777682fa50efa785e6641f318)] -> css selector: input[type='password']] 
2023-05-14 18:15:15,713 Waiting for [[ChromeDriver: chrome on WINDOWS (67007a5777682fa50efa785e6641f318)] -> css selector: input[type='password']] 
2023-05-14 18:15:15,821 Wait until element is clickable - [[ChromeDriver: chrome on WINDOWS (67007a5777682fa50efa785e6641f318)] -> css selector: input[type='password']] 
2023-05-14 18:15:15,827 Wait until element is enabled - [[ChromeDriver: chrome on WINDOWS (67007a5777682fa50efa785e6641f318)] -> css selector: input[type='password']] 
2023-05-14 18:15:15,833 Waiting for [[ChromeDriver: chrome on WINDOWS (67007a5777682fa50efa785e6641f318)] -> css selector: input[type='password']] 
2023-05-14 18:15:15,962 Click element [[ChromeDriver: chrome on WINDOWS (67007a5777682fa50efa785e6641f318)] -> css selector: input[id='login:login']] 
2023-05-14 18:15:15,968 Waiting for [[ChromeDriver: chrome on WINDOWS (67007a5777682fa50efa785e6641f318)] -> css selector: input[id='login:login']] 
2023-05-14 18:15:15,988 Wait until element is enabled - [[ChromeDriver: chrome on WINDOWS (67007a5777682fa50efa785e6641f318)] -> css selector: input[id='login:login']] 
2023-05-14 18:15:15,994 Waiting for [[ChromeDriver: chrome on WINDOWS (67007a5777682fa50efa785e6641f318)] -> css selector: input[id='login:login']] 
2023-05-14 18:15:16,999 ReportUtil.logMessage - info - Test Description, Test Data Creation - SubTest001 
2023-05-14 18:15:17,025 ReportUtil.logMessage - info - Test Data for testcase ID=1,  
2023-05-14 18:15:17,043 Click element [[ChromeDriver: chrome on WINDOWS (67007a5777682fa50efa785e6641f318)] -> css selector: a[aria-label ='People & Organisations']] 
2023-05-14 18:15:17,052 Waiting for [[ChromeDriver: chrome on WINDOWS (67007a5777682fa50efa785e6641f318)] -> css selector: a[aria-label ='People & Organisations']] 
2023-05-14 18:15:17,106 Wait until element is enabled - [[ChromeDriver: chrome on WINDOWS (67007a5777682fa50efa785e6641f318)] -> css selector: a[aria-label ='People & Organisations']] 
2023-05-14 18:15:17,117 Waiting for [[ChromeDriver: chrome on WINDOWS (67007a5777682fa50efa785e6641f318)] -> css selector: a[aria-label ='People & Organisations']] 
2023-05-14 18:15:17,404 Click element [[ChromeDriver: chrome on WINDOWS (67007a5777682fa50efa785e6641f318)] -> css selector: .page-header__right :nth-child(3)] 
2023-05-14 18:15:17,415 Waiting for [[ChromeDriver: chrome on WINDOWS (67007a5777682fa50efa785e6641f318)] -> css selector: .page-header__right :nth-child(3)] 
2023-05-14 18:15:17,492 Wait until element is enabled - [[ChromeDriver: chrome on WINDOWS (67007a5777682fa50efa785e6641f318)] -> css selector: .page-header__right :nth-child(3)] 
2023-05-14 18:15:17,501 Waiting for [[ChromeDriver: chrome on WINDOWS (67007a5777682fa50efa785e6641f318)] -> css selector: .page-header__right :nth-child(3)] 
2023-05-14 18:15:17,723 Click element [[ChromeDriver: chrome on WINDOWS (67007a5777682fa50efa785e6641f318)] -> css selector: [class='form-field '] .select-box:nth-child(2)] 
2023-05-14 18:15:17,734 Waiting for [[ChromeDriver: chrome on WINDOWS (67007a5777682fa50efa785e6641f318)] -> css selector: [class='form-field '] .select-box:nth-child(2)] 
2023-05-14 18:15:17,762 Wait until element is enabled - [[ChromeDriver: chrome on WINDOWS (67007a5777682fa50efa785e6641f318)] -> css selector: [class='form-field '] .select-box:nth-child(2)] 
2023-05-14 18:15:17,767 Waiting for [[ChromeDriver: chrome on WINDOWS (67007a5777682fa50efa785e6641f318)] -> css selector: [class='form-field '] .select-box:nth-child(2)] 
2023-05-14 18:15:17,891 Click element [[ChromeDriver: chrome on WINDOWS (67007a5777682fa50efa785e6641f318)] -> css selector: .select-box__options div] 
2023-05-14 18:15:17,893 Waiting for [[ChromeDriver: chrome on WINDOWS (67007a5777682fa50efa785e6641f318)] -> css selector: .select-box__options div] 
2023-05-14 18:15:17,904 Wait until element is enabled - [[ChromeDriver: chrome on WINDOWS (67007a5777682fa50efa785e6641f318)] -> css selector: .select-box__options div] 
2023-05-14 18:15:17,904 Waiting for [[ChromeDriver: chrome on WINDOWS (67007a5777682fa50efa785e6641f318)] -> css selector: .select-box__options div] 
2023-05-14 18:15:18,041 JavaScript Fill text box [[ChromeDriver: chrome on WINDOWS (67007a5777682fa50efa785e6641f318)] -> css selector: [class*='form-job-title']] : Plumber 
2023-05-14 18:15:18,047 Wait until element is visible - [[ChromeDriver: chrome on WINDOWS (67007a5777682fa50efa785e6641f318)] -> css selector: [class*='form-job-title']] 
2023-05-14 18:15:18,058 Waiting for [[ChromeDriver: chrome on WINDOWS (67007a5777682fa50efa785e6641f318)] -> css selector: [class*='form-job-title']] 
2023-05-14 18:15:18,119 JavaScript Fill text box [[ChromeDriver: chrome on WINDOWS (67007a5777682fa50efa785e6641f318)] -> xpath: //div[@class='filter-select__input-container']/input] : bike lost 
2023-05-14 18:15:18,125 Wait until element is visible - [[ChromeDriver: chrome on WINDOWS (67007a5777682fa50efa785e6641f318)] -> xpath: //div[@class='filter-select__input-container']/input] 
2023-05-14 18:15:18,130 Waiting for [[ChromeDriver: chrome on WINDOWS (67007a5777682fa50efa785e6641f318)] -> xpath: //div[@class='filter-select__input-container']/input] 
2023-05-14 18:15:20,263 Click element [[ChromeDriver: chrome on WINDOWS (67007a5777682fa50efa785e6641f318)] -> css selector: .select-box__options.search-select__dropdown [class*='search-select__'] [role='option']] 
2023-05-14 18:15:20,263 Waiting for [[ChromeDriver: chrome on WINDOWS (67007a5777682fa50efa785e6641f318)] -> css selector: .select-box__options.search-select__dropdown [class*='search-select__'] [role='option']] 
2023-05-14 18:15:20,273 Wait until element is enabled - [[ChromeDriver: chrome on WINDOWS (67007a5777682fa50efa785e6641f318)] -> css selector: .select-box__options.search-select__dropdown [class*='search-select__'] [role='option']] 
2023-05-14 18:15:20,273 Waiting for [[ChromeDriver: chrome on WINDOWS (67007a5777682fa50efa785e6641f318)] -> css selector: .select-box__options.search-select__dropdown [class*='search-select__'] [role='option']] 
2023-05-14 18:15:20,902 Click element [[ChromeDriver: chrome on WINDOWS (67007a5777682fa50efa785e6641f318)] -> css selector: [aria-label='Projects']] 
2023-05-14 18:15:20,914 Waiting for [[ChromeDriver: chrome on WINDOWS (67007a5777682fa50efa785e6641f318)] -> css selector: [aria-label='Projects']] 
2023-05-14 18:15:20,940 Wait until element is enabled - [[ChromeDriver: chrome on WINDOWS (67007a5777682fa50efa785e6641f318)] -> css selector: [aria-label='Projects']] 
2023-05-14 18:15:20,948 Waiting for [[ChromeDriver: chrome on WINDOWS (67007a5777682fa50efa785e6641f318)] -> css selector: [aria-label='Projects']] 
2023-05-14 18:15:21,052 Click element [[ChromeDriver: chrome on WINDOWS (67007a5777682fa50efa785e6641f318)] -> css selector: [class*='nav-bar-item-add-text']] 
2023-05-14 18:15:21,064 Waiting for [[ChromeDriver: chrome on WINDOWS (67007a5777682fa50efa785e6641f318)] -> css selector: [class*='nav-bar-item-add-text']] 
2023-05-14 18:15:21,092 Wait until element is enabled - [[ChromeDriver: chrome on WINDOWS (67007a5777682fa50efa785e6641f318)] -> css selector: [class*='nav-bar-item-add-text']] 
2023-05-14 18:15:21,101 Waiting for [[ChromeDriver: chrome on WINDOWS (67007a5777682fa50efa785e6641f318)] -> css selector: [class*='nav-bar-item-add-text']] 
2023-05-14 18:15:21,254 Click element [[ChromeDriver: chrome on WINDOWS (67007a5777682fa50efa785e6641f318)] -> css selector: .select-box__options a:nth-child(4)] 
2023-05-14 18:15:21,262 Waiting for [[ChromeDriver: chrome on WINDOWS (67007a5777682fa50efa785e6641f318)] -> css selector: .select-box__options a:nth-child(4)] 
2023-05-14 18:15:21,290 Wait until element is enabled - [[ChromeDriver: chrome on WINDOWS (67007a5777682fa50efa785e6641f318)] -> css selector: .select-box__options a:nth-child(4)] 
2023-05-14 18:15:21,303 Waiting for [[ChromeDriver: chrome on WINDOWS (67007a5777682fa50efa785e6641f318)] -> css selector: .select-box__options a:nth-child(4)] 
2023-05-14 18:15:23,171 Click element [[ChromeDriver: chrome on WINDOWS (67007a5777682fa50efa785e6641f318)] -> css selector: .search-select__results] 
2023-05-14 18:15:23,186 Waiting for [[ChromeDriver: chrome on WINDOWS (67007a5777682fa50efa785e6641f318)] -> css selector: .search-select__results] 
2023-05-14 18:15:23,223 Wait until element is enabled - [[ChromeDriver: chrome on WINDOWS (67007a5777682fa50efa785e6641f318)] -> css selector: .search-select__results] 
2023-05-14 18:15:23,230 Waiting for [[ChromeDriver: chrome on WINDOWS (67007a5777682fa50efa785e6641f318)] -> css selector: .search-select__results] 
2023-05-14 18:15:23,431 Click element [[ChromeDriver: chrome on WINDOWS (67007a5777682fa50efa785e6641f318)] -> css selector: button[type='submit']] 
2023-05-14 18:15:23,438 Waiting for [[ChromeDriver: chrome on WINDOWS (67007a5777682fa50efa785e6641f318)] -> css selector: button[type='submit']] 
2023-05-14 18:15:23,467 Wait until element is enabled - [[ChromeDriver: chrome on WINDOWS (67007a5777682fa50efa785e6641f318)] -> css selector: button[type='submit']] 
2023-05-14 18:15:23,477 Waiting for [[ChromeDriver: chrome on WINDOWS (67007a5777682fa50efa785e6641f318)] -> css selector: button[type='submit']] 
2023-05-14 18:15:24,201 ReportUtil.logMessage - info - Test Data for testcase ID=2,  
2023-05-14 18:15:24,212 Click element [[ChromeDriver: chrome on WINDOWS (67007a5777682fa50efa785e6641f318)] -> css selector: a[aria-label ='People & Organisations']] 
2023-05-14 18:15:24,219 Waiting for [[ChromeDriver: chrome on WINDOWS (67007a5777682fa50efa785e6641f318)] -> css selector: a[aria-label ='People & Organisations']] 
2023-05-14 18:15:24,245 Wait until element is enabled - [[ChromeDriver: chrome on WINDOWS (67007a5777682fa50efa785e6641f318)] -> css selector: a[aria-label ='People & Organisations']] 
2023-05-14 18:15:24,250 Waiting for [[ChromeDriver: chrome on WINDOWS (67007a5777682fa50efa785e6641f318)] -> css selector: a[aria-label ='People & Organisations']] 
2023-05-14 18:15:24,416 Click element [[ChromeDriver: chrome on WINDOWS (67007a5777682fa50efa785e6641f318)] -> css selector: .page-header__right :nth-child(3)] 
2023-05-14 18:15:24,424 Waiting for [[ChromeDriver: chrome on WINDOWS (67007a5777682fa50efa785e6641f318)] -> css selector: .page-header__right :nth-child(3)] 
2023-05-14 18:15:24,451 Wait until element is enabled - [[ChromeDriver: chrome on WINDOWS (67007a5777682fa50efa785e6641f318)] -> css selector: .page-header__right :nth-child(3)] 
2023-05-14 18:15:24,457 Waiting for [[ChromeDriver: chrome on WINDOWS (67007a5777682fa50efa785e6641f318)] -> css selector: .page-header__right :nth-child(3)] 
2023-05-14 18:15:24,654 Click element [[ChromeDriver: chrome on WINDOWS (67007a5777682fa50efa785e6641f318)] -> css selector: [class='form-field '] .select-box:nth-child(2)] 
2023-05-14 18:15:24,666 Waiting for [[ChromeDriver: chrome on WINDOWS (67007a5777682fa50efa785e6641f318)] -> css selector: [class='form-field '] .select-box:nth-child(2)] 
2023-05-14 18:15:24,688 Wait until element is enabled - [[ChromeDriver: chrome on WINDOWS (67007a5777682fa50efa785e6641f318)] -> css selector: [class='form-field '] .select-box:nth-child(2)] 
2023-05-14 18:15:24,693 Waiting for [[ChromeDriver: chrome on WINDOWS (67007a5777682fa50efa785e6641f318)] -> css selector: [class='form-field '] .select-box:nth-child(2)] 
2023-05-14 18:15:24,801 Click element [[ChromeDriver: chrome on WINDOWS (67007a5777682fa50efa785e6641f318)] -> css selector: .select-box__options div] 
2023-05-14 18:15:24,801 Waiting for [[ChromeDriver: chrome on WINDOWS (67007a5777682fa50efa785e6641f318)] -> css selector: .select-box__options div] 
2023-05-14 18:15:24,810 Wait until element is enabled - [[ChromeDriver: chrome on WINDOWS (67007a5777682fa50efa785e6641f318)] -> css selector: .select-box__options div] 
2023-05-14 18:15:24,810 Waiting for [[ChromeDriver: chrome on WINDOWS (67007a5777682fa50efa785e6641f318)] -> css selector: .select-box__options div] 
2023-05-14 18:15:24,916 JavaScript Fill text box [[ChromeDriver: chrome on WINDOWS (67007a5777682fa50efa785e6641f318)] -> css selector: [class*='form-job-title']] : Golfer 
2023-05-14 18:15:24,921 Wait until element is visible - [[ChromeDriver: chrome on WINDOWS (67007a5777682fa50efa785e6641f318)] -> css selector: [class*='form-job-title']] 
2023-05-14 18:15:24,927 Waiting for [[ChromeDriver: chrome on WINDOWS (67007a5777682fa50efa785e6641f318)] -> css selector: [class*='form-job-title']] 
2023-05-14 18:15:24,982 JavaScript Fill text box [[ChromeDriver: chrome on WINDOWS (67007a5777682fa50efa785e6641f318)] -> xpath: //div[@class='filter-select__input-container']/input] : car lost 
2023-05-14 18:15:24,988 Wait until element is visible - [[ChromeDriver: chrome on WINDOWS (67007a5777682fa50efa785e6641f318)] -> xpath: //div[@class='filter-select__input-container']/input] 
2023-05-14 18:15:24,994 Waiting for [[ChromeDriver: chrome on WINDOWS (67007a5777682fa50efa785e6641f318)] -> xpath: //div[@class='filter-select__input-container']/input] 
2023-05-14 18:15:27,153 Click element [[ChromeDriver: chrome on WINDOWS (67007a5777682fa50efa785e6641f318)] -> css selector: .select-box__options.search-select__dropdown [class*='search-select__'] [role='option']] 
2023-05-14 18:15:27,153 Waiting for [[ChromeDriver: chrome on WINDOWS (67007a5777682fa50efa785e6641f318)] -> css selector: .select-box__options.search-select__dropdown [class*='search-select__'] [role='option']] 
2023-05-14 18:15:27,179 Wait until element is enabled - [[ChromeDriver: chrome on WINDOWS (67007a5777682fa50efa785e6641f318)] -> css selector: .select-box__options.search-select__dropdown [class*='search-select__'] [role='option']] 
2023-05-14 18:15:27,180 Waiting for [[ChromeDriver: chrome on WINDOWS (67007a5777682fa50efa785e6641f318)] -> css selector: .select-box__options.search-select__dropdown [class*='search-select__'] [role='option']] 
2023-05-14 18:15:27,736 Click element [[ChromeDriver: chrome on WINDOWS (67007a5777682fa50efa785e6641f318)] -> css selector: [aria-label='Projects']] 
2023-05-14 18:15:27,745 Waiting for [[ChromeDriver: chrome on WINDOWS (67007a5777682fa50efa785e6641f318)] -> css selector: [aria-label='Projects']] 
2023-05-14 18:15:27,765 Wait until element is enabled - [[ChromeDriver: chrome on WINDOWS (67007a5777682fa50efa785e6641f318)] -> css selector: [aria-label='Projects']] 
2023-05-14 18:15:27,770 Waiting for [[ChromeDriver: chrome on WINDOWS (67007a5777682fa50efa785e6641f318)] -> css selector: [aria-label='Projects']] 
2023-05-14 18:15:27,879 Click element [[ChromeDriver: chrome on WINDOWS (67007a5777682fa50efa785e6641f318)] -> css selector: [class*='nav-bar-item-add-text']] 
2023-05-14 18:15:27,886 Waiting for [[ChromeDriver: chrome on WINDOWS (67007a5777682fa50efa785e6641f318)] -> css selector: [class*='nav-bar-item-add-text']] 
2023-05-14 18:15:27,911 Wait until element is enabled - [[ChromeDriver: chrome on WINDOWS (67007a5777682fa50efa785e6641f318)] -> css selector: [class*='nav-bar-item-add-text']] 
2023-05-14 18:15:27,916 Waiting for [[ChromeDriver: chrome on WINDOWS (67007a5777682fa50efa785e6641f318)] -> css selector: [class*='nav-bar-item-add-text']] 
2023-05-14 18:15:28,036 Click element [[ChromeDriver: chrome on WINDOWS (67007a5777682fa50efa785e6641f318)] -> css selector: .select-box__options a:nth-child(4)] 
2023-05-14 18:15:28,044 Waiting for [[ChromeDriver: chrome on WINDOWS (67007a5777682fa50efa785e6641f318)] -> css selector: .select-box__options a:nth-child(4)] 
2023-05-14 18:15:28,066 Wait until element is enabled - [[ChromeDriver: chrome on WINDOWS (67007a5777682fa50efa785e6641f318)] -> css selector: .select-box__options a:nth-child(4)] 
2023-05-14 18:15:28,076 Waiting for [[ChromeDriver: chrome on WINDOWS (67007a5777682fa50efa785e6641f318)] -> css selector: .select-box__options a:nth-child(4)] 
2023-05-14 18:15:28,648 Click element [[ChromeDriver: chrome on WINDOWS (67007a5777682fa50efa785e6641f318)] -> css selector: .search-select__results] 
2023-05-14 18:15:28,658 Waiting for [[ChromeDriver: chrome on WINDOWS (67007a5777682fa50efa785e6641f318)] -> css selector: .search-select__results] 
2023-05-14 18:15:28,680 Wait until element is enabled - [[ChromeDriver: chrome on WINDOWS (67007a5777682fa50efa785e6641f318)] -> css selector: .search-select__results] 
2023-05-14 18:15:28,686 Waiting for [[ChromeDriver: chrome on WINDOWS (67007a5777682fa50efa785e6641f318)] -> css selector: .search-select__results] 
2023-05-14 18:15:28,858 Click element [[ChromeDriver: chrome on WINDOWS (67007a5777682fa50efa785e6641f318)] -> css selector: button[type='submit']] 
2023-05-14 18:15:28,863 Waiting for [[ChromeDriver: chrome on WINDOWS (67007a5777682fa50efa785e6641f318)] -> css selector: button[type='submit']] 
2023-05-14 18:15:28,881 Wait until element is enabled - [[ChromeDriver: chrome on WINDOWS (67007a5777682fa50efa785e6641f318)] -> css selector: button[type='submit']] 
2023-05-14 18:15:28,885 Waiting for [[ChromeDriver: chrome on WINDOWS (67007a5777682fa50efa785e6641f318)] -> css selector: button[type='submit']] 
2023-05-14 18:15:29,648 ReportUtil.logMessage - info - Test Data for testcase ID=3,  
2023-05-14 18:15:29,658 Click element [[ChromeDriver: chrome on WINDOWS (67007a5777682fa50efa785e6641f318)] -> css selector: a[aria-label ='People & Organisations']] 
2023-05-14 18:15:29,665 Waiting for [[ChromeDriver: chrome on WINDOWS (67007a5777682fa50efa785e6641f318)] -> css selector: a[aria-label ='People & Organisations']] 
2023-05-14 18:15:29,685 Wait until element is enabled - [[ChromeDriver: chrome on WINDOWS (67007a5777682fa50efa785e6641f318)] -> css selector: a[aria-label ='People & Organisations']] 
2023-05-14 18:15:29,691 Waiting for [[ChromeDriver: chrome on WINDOWS (67007a5777682fa50efa785e6641f318)] -> css selector: a[aria-label ='People & Organisations']] 
2023-05-14 18:15:29,895 Click element [[ChromeDriver: chrome on WINDOWS (67007a5777682fa50efa785e6641f318)] -> css selector: .page-header__right :nth-child(3)] 
2023-05-14 18:15:29,903 Waiting for [[ChromeDriver: chrome on WINDOWS (67007a5777682fa50efa785e6641f318)] -> css selector: .page-header__right :nth-child(3)] 
2023-05-14 18:15:29,924 Wait until element is enabled - [[ChromeDriver: chrome on WINDOWS (67007a5777682fa50efa785e6641f318)] -> css selector: .page-header__right :nth-child(3)] 
2023-05-14 18:15:29,930 Waiting for [[ChromeDriver: chrome on WINDOWS (67007a5777682fa50efa785e6641f318)] -> css selector: .page-header__right :nth-child(3)] 
2023-05-14 18:15:30,186 Click element [[ChromeDriver: chrome on WINDOWS (67007a5777682fa50efa785e6641f318)] -> css selector: [class='form-field '] .select-box:nth-child(2)] 
2023-05-14 18:15:30,195 Waiting for [[ChromeDriver: chrome on WINDOWS (67007a5777682fa50efa785e6641f318)] -> css selector: [class='form-field '] .select-box:nth-child(2)] 
2023-05-14 18:15:30,218 Wait until element is enabled - [[ChromeDriver: chrome on WINDOWS (67007a5777682fa50efa785e6641f318)] -> css selector: [class='form-field '] .select-box:nth-child(2)] 
2023-05-14 18:15:30,223 Waiting for [[ChromeDriver: chrome on WINDOWS (67007a5777682fa50efa785e6641f318)] -> css selector: [class='form-field '] .select-box:nth-child(2)] 
2023-05-14 18:15:30,328 Click element [[ChromeDriver: chrome on WINDOWS (67007a5777682fa50efa785e6641f318)] -> css selector: .select-box__options div] 
2023-05-14 18:15:30,329 Waiting for [[ChromeDriver: chrome on WINDOWS (67007a5777682fa50efa785e6641f318)] -> css selector: .select-box__options div] 
2023-05-14 18:15:30,336 Wait until element is enabled - [[ChromeDriver: chrome on WINDOWS (67007a5777682fa50efa785e6641f318)] -> css selector: .select-box__options div] 
2023-05-14 18:15:30,337 Waiting for [[ChromeDriver: chrome on WINDOWS (67007a5777682fa50efa785e6641f318)] -> css selector: .select-box__options div] 
2023-05-14 18:15:30,448 JavaScript Fill text box [[ChromeDriver: chrome on WINDOWS (67007a5777682fa50efa785e6641f318)] -> css selector: [class*='form-job-title']] : Chef 
2023-05-14 18:15:30,453 Wait until element is visible - [[ChromeDriver: chrome on WINDOWS (67007a5777682fa50efa785e6641f318)] -> css selector: [class*='form-job-title']] 
2023-05-14 18:15:30,458 Waiting for [[ChromeDriver: chrome on WINDOWS (67007a5777682fa50efa785e6641f318)] -> css selector: [class*='form-job-title']] 
2023-05-14 18:15:30,500 JavaScript Fill text box [[ChromeDriver: chrome on WINDOWS (67007a5777682fa50efa785e6641f318)] -> xpath: //div[@class='filter-select__input-container']/input] : cooking 
2023-05-14 18:15:30,506 Wait until element is visible - [[ChromeDriver: chrome on WINDOWS (67007a5777682fa50efa785e6641f318)] -> xpath: //div[@class='filter-select__input-container']/input] 
2023-05-14 18:15:30,513 Waiting for [[ChromeDriver: chrome on WINDOWS (67007a5777682fa50efa785e6641f318)] -> xpath: //div[@class='filter-select__input-container']/input] 
2023-05-14 18:15:32,660 Click element [[ChromeDriver: chrome on WINDOWS (67007a5777682fa50efa785e6641f318)] -> css selector: .select-box__options.search-select__dropdown [class*='search-select__'] [role='option']] 
2023-05-14 18:15:32,660 Waiting for [[ChromeDriver: chrome on WINDOWS (67007a5777682fa50efa785e6641f318)] -> css selector: .select-box__options.search-select__dropdown [class*='search-select__'] [role='option']] 
2023-05-14 18:15:32,675 Wait until element is enabled - [[ChromeDriver: chrome on WINDOWS (67007a5777682fa50efa785e6641f318)] -> css selector: .select-box__options.search-select__dropdown [class*='search-select__'] [role='option']] 
2023-05-14 18:15:32,675 Waiting for [[ChromeDriver: chrome on WINDOWS (67007a5777682fa50efa785e6641f318)] -> css selector: .select-box__options.search-select__dropdown [class*='search-select__'] [role='option']] 
2023-05-14 18:15:33,219 Click element [[ChromeDriver: chrome on WINDOWS (67007a5777682fa50efa785e6641f318)] -> css selector: [aria-label='Projects']] 
2023-05-14 18:15:33,229 Waiting for [[ChromeDriver: chrome on WINDOWS (67007a5777682fa50efa785e6641f318)] -> css selector: [aria-label='Projects']] 
2023-05-14 18:15:33,257 Wait until element is enabled - [[ChromeDriver: chrome on WINDOWS (67007a5777682fa50efa785e6641f318)] -> css selector: [aria-label='Projects']] 
2023-05-14 18:15:33,263 Waiting for [[ChromeDriver: chrome on WINDOWS (67007a5777682fa50efa785e6641f318)] -> css selector: [aria-label='Projects']] 
2023-05-14 18:15:33,358 Click element [[ChromeDriver: chrome on WINDOWS (67007a5777682fa50efa785e6641f318)] -> css selector: [class*='nav-bar-item-add-text']] 
2023-05-14 18:15:33,380 Waiting for [[ChromeDriver: chrome on WINDOWS (67007a5777682fa50efa785e6641f318)] -> css selector: [class*='nav-bar-item-add-text']] 
2023-05-14 18:15:33,405 Wait until element is enabled - [[ChromeDriver: chrome on WINDOWS (67007a5777682fa50efa785e6641f318)] -> css selector: [class*='nav-bar-item-add-text']] 
2023-05-14 18:15:33,412 Waiting for [[ChromeDriver: chrome on WINDOWS (67007a5777682fa50efa785e6641f318)] -> css selector: [class*='nav-bar-item-add-text']] 
2023-05-14 18:15:33,527 Click element [[ChromeDriver: chrome on WINDOWS (67007a5777682fa50efa785e6641f318)] -> css selector: .select-box__options a:nth-child(4)] 
2023-05-14 18:15:33,537 Waiting for [[ChromeDriver: chrome on WINDOWS (67007a5777682fa50efa785e6641f318)] -> css selector: .select-box__options a:nth-child(4)] 
2023-05-14 18:15:33,562 Wait until element is enabled - [[ChromeDriver: chrome on WINDOWS (67007a5777682fa50efa785e6641f318)] -> css selector: .select-box__options a:nth-child(4)] 
2023-05-14 18:15:33,569 Waiting for [[ChromeDriver: chrome on WINDOWS (67007a5777682fa50efa785e6641f318)] -> css selector: .select-box__options a:nth-child(4)] 
2023-05-14 18:15:34,220 Click element [[ChromeDriver: chrome on WINDOWS (67007a5777682fa50efa785e6641f318)] -> css selector: .search-select__results] 
2023-05-14 18:15:34,228 Waiting for [[ChromeDriver: chrome on WINDOWS (67007a5777682fa50efa785e6641f318)] -> css selector: .search-select__results] 
2023-05-14 18:15:34,250 Wait until element is enabled - [[ChromeDriver: chrome on WINDOWS (67007a5777682fa50efa785e6641f318)] -> css selector: .search-select__results] 
2023-05-14 18:15:34,256 Waiting for [[ChromeDriver: chrome on WINDOWS (67007a5777682fa50efa785e6641f318)] -> css selector: .search-select__results] 
2023-05-14 18:15:34,455 Click element [[ChromeDriver: chrome on WINDOWS (67007a5777682fa50efa785e6641f318)] -> css selector: button[type='submit']] 
2023-05-14 18:15:34,460 Waiting for [[ChromeDriver: chrome on WINDOWS (67007a5777682fa50efa785e6641f318)] -> css selector: button[type='submit']] 
2023-05-14 18:15:34,477 Wait until element is enabled - [[ChromeDriver: chrome on WINDOWS (67007a5777682fa50efa785e6641f318)] -> css selector: button[type='submit']] 
2023-05-14 18:15:34,483 Waiting for [[ChromeDriver: chrome on WINDOWS (67007a5777682fa50efa785e6641f318)] -> css selector: button[type='submit']] 
2023-05-14 18:15:35,410 TestDataSetup : Test Passed 
2023-05-14 18:15:36,428 Starting browser <chrome> 
2023-05-14 18:15:37,521 DestroyData: Test started 
2023-05-14 18:15:37,522 ReportUtil.logMessage - info - GoTo Application, https://automationdemo.capsulecrm.com/ 
2023-05-14 18:15:37,985 Initialize Pages 
2023-05-14 18:15:38,000 Fill text box [[ChromeDriver: chrome on WINDOWS (68038b355350285062f4f756eef295d8)] -> id: login:usernameDecorate:username] : mscoding24 
2023-05-14 18:15:38,018 Wait until element is visible - [[ChromeDriver: chrome on WINDOWS (68038b355350285062f4f756eef295d8)] -> id: login:usernameDecorate:username] 
2023-05-14 18:15:38,025 Waiting for [[ChromeDriver: chrome on WINDOWS (68038b355350285062f4f756eef295d8)] -> id: login:usernameDecorate:username] 
2023-05-14 18:15:38,081 Wait until element is visible - [[ChromeDriver: chrome on WINDOWS (68038b355350285062f4f756eef295d8)] -> id: login:usernameDecorate:username] 
2023-05-14 18:15:38,090 Waiting for [[ChromeDriver: chrome on WINDOWS (68038b355350285062f4f756eef295d8)] -> id: login:usernameDecorate:username] 
2023-05-14 18:15:38,207 Wait until element is clickable - [[ChromeDriver: chrome on WINDOWS (68038b355350285062f4f756eef295d8)] -> id: login:usernameDecorate:username] 
2023-05-14 18:15:38,213 Wait until element is enabled - [[ChromeDriver: chrome on WINDOWS (68038b355350285062f4f756eef295d8)] -> id: login:usernameDecorate:username] 
2023-05-14 18:15:38,220 Waiting for [[ChromeDriver: chrome on WINDOWS (68038b355350285062f4f756eef295d8)] -> id: login:usernameDecorate:username] 
2023-05-14 18:15:38,366 Fill text box [[ChromeDriver: chrome on WINDOWS (68038b355350285062f4f756eef295d8)] -> css selector: input[type='password']] : AutomationDemo24 
2023-05-14 18:15:38,372 Wait until element is visible - [[ChromeDriver: chrome on WINDOWS (68038b355350285062f4f756eef295d8)] -> css selector: input[type='password']] 
2023-05-14 18:15:38,377 Waiting for [[ChromeDriver: chrome on WINDOWS (68038b355350285062f4f756eef295d8)] -> css selector: input[type='password']] 
2023-05-14 18:15:38,408 Wait until element is visible - [[ChromeDriver: chrome on WINDOWS (68038b355350285062f4f756eef295d8)] -> css selector: input[type='password']] 
2023-05-14 18:15:38,413 Waiting for [[ChromeDriver: chrome on WINDOWS (68038b355350285062f4f756eef295d8)] -> css selector: input[type='password']] 
2023-05-14 18:15:38,501 Wait until element is clickable - [[ChromeDriver: chrome on WINDOWS (68038b355350285062f4f756eef295d8)] -> css selector: input[type='password']] 
2023-05-14 18:15:38,505 Wait until element is enabled - [[ChromeDriver: chrome on WINDOWS (68038b355350285062f4f756eef295d8)] -> css selector: input[type='password']] 
2023-05-14 18:15:38,510 Waiting for [[ChromeDriver: chrome on WINDOWS (68038b355350285062f4f756eef295d8)] -> css selector: input[type='password']] 
2023-05-14 18:15:38,612 Click element [[ChromeDriver: chrome on WINDOWS (68038b355350285062f4f756eef295d8)] -> css selector: input[id='login:login']] 
2023-05-14 18:15:38,619 Waiting for [[ChromeDriver: chrome on WINDOWS (68038b355350285062f4f756eef295d8)] -> css selector: input[id='login:login']] 
2023-05-14 18:15:38,635 Wait until element is enabled - [[ChromeDriver: chrome on WINDOWS (68038b355350285062f4f756eef295d8)] -> css selector: input[id='login:login']] 
2023-05-14 18:15:38,640 Waiting for [[ChromeDriver: chrome on WINDOWS (68038b355350285062f4f756eef295d8)] -> css selector: input[id='login:login']] 
2023-05-14 18:15:39,601 Click element [[ChromeDriver: chrome on WINDOWS (68038b355350285062f4f756eef295d8)] -> css selector: a[aria-label ='People & Organisations']] 
2023-05-14 18:15:39,607 Waiting for [[ChromeDriver: chrome on WINDOWS (68038b355350285062f4f756eef295d8)] -> css selector: a[aria-label ='People & Organisations']] 
2023-05-14 18:15:39,630 Wait until element is enabled - [[ChromeDriver: chrome on WINDOWS (68038b355350285062f4f756eef295d8)] -> css selector: a[aria-label ='People & Organisations']] 
2023-05-14 18:15:39,638 Waiting for [[ChromeDriver: chrome on WINDOWS (68038b355350285062f4f756eef295d8)] -> css selector: a[aria-label ='People & Organisations']] 
2023-05-14 18:15:40,279 Wait until element is visible - [[ChromeDriver: chrome on WINDOWS (68038b355350285062f4f756eef295d8)] -> css selector: .list-actions__notice] 
2023-05-14 18:15:40,285 Waiting for [[ChromeDriver: chrome on WINDOWS (68038b355350285062f4f756eef295d8)] -> css selector: .list-actions__notice] 
2023-05-14 18:15:40,334 ReportUtil.logMessage - info - Get Element Text, 7 contacts are selected on this page. Clear selection 
2023-05-14 18:15:40,510 Click element [[ChromeDriver: chrome on WINDOWS (68038b355350285062f4f756eef295d8)] -> xpath: //*[@aria-label ='Delete contacts']] 
2023-05-14 18:15:40,520 Waiting for [[ChromeDriver: chrome on WINDOWS (68038b355350285062f4f756eef295d8)] -> xpath: //*[@aria-label ='Delete contacts']] 
2023-05-14 18:15:40,539 Wait until element is enabled - [[ChromeDriver: chrome on WINDOWS (68038b355350285062f4f756eef295d8)] -> xpath: //*[@aria-label ='Delete contacts']] 
2023-05-14 18:15:40,544 Waiting for [[ChromeDriver: chrome on WINDOWS (68038b355350285062f4f756eef295d8)] -> xpath: //*[@aria-label ='Delete contacts']] 
2023-05-14 18:15:40,629 Click element [[ChromeDriver: chrome on WINDOWS (68038b355350285062f4f756eef295d8)] -> css selector: .form-checkbox__text] 
2023-05-14 18:15:40,635 Waiting for [[ChromeDriver: chrome on WINDOWS (68038b355350285062f4f756eef295d8)] -> css selector: .form-checkbox__text] 
2023-05-14 18:15:40,655 Wait until element is enabled - [[ChromeDriver: chrome on WINDOWS (68038b355350285062f4f756eef295d8)] -> css selector: .form-checkbox__text] 
2023-05-14 18:15:40,661 Waiting for [[ChromeDriver: chrome on WINDOWS (68038b355350285062f4f756eef295d8)] -> css selector: .form-checkbox__text] 
2023-05-14 18:15:42,767 Click element [[ChromeDriver: chrome on WINDOWS (68038b355350285062f4f756eef295d8)] -> xpath: //*[@class='form-actions']//*[@type='submit']] 
2023-05-14 18:15:42,776 Waiting for [[ChromeDriver: chrome on WINDOWS (68038b355350285062f4f756eef295d8)] -> xpath: //*[@class='form-actions']//*[@type='submit']] 
2023-05-14 18:15:42,793 Wait until element is enabled - [[ChromeDriver: chrome on WINDOWS (68038b355350285062f4f756eef295d8)] -> xpath: //*[@class='form-actions']//*[@type='submit']] 
2023-05-14 18:15:42,798 Waiting for [[ChromeDriver: chrome on WINDOWS (68038b355350285062f4f756eef295d8)] -> xpath: //*[@class='form-actions']//*[@type='submit']] 
2023-05-14 18:15:43,248 DestroyData : Test Passed 
2023-05-14 18:15:44,062 Total number of testcases : 1 
2023-05-14 18:15:44,062 Number of testcases Passed : 1 
2023-05-14 18:15:44,062 Number of testcases Failed : 0 
2023-05-14 18:15:44,062 Number of testcases Skipped  : 0 
2023-05-14 18:15:44,062 ************************** Test Execution Finished ************************************ 
